\BOOKMARK [1][-]{section.1}{\376\377\000C\000Z\000\040\000c\000h\000e\000c\000k}{}% 1
\BOOKMARK [1][-]{section.2}{\376\377\000A\000r\000t\000i\000c\000l\000e\000\040\000i\000n\000s\000p\000e\000c\000t\000i\000o\000n}{}% 2
\BOOKMARK [1][-]{section.3}{\376\377\000I\000r\000o\000z\000h\000l\000a\000s}{}% 3
\BOOKMARK [2][-]{subsection.3.1}{\376\377\000h\000e\000a\000d\000l\000i\000n\000e}{section.3}% 4
\BOOKMARK [2][-]{subsection.3.2}{\376\377\000a\000r\000t\000i\000c\000l\000e\000\040\000l\000e\000n\000g\000t\000h}{section.3}% 5
\BOOKMARK [2][-]{subsection.3.3}{\376\377\000a\000v\000g\000\040\000w\000o\000r\000d\000\040\000l\000e\000n\000g\000t\000h}{section.3}% 6
\BOOKMARK [2][-]{subsection.3.4}{\376\377\000w\000o\000r\000d\000\040\000n\000u\000m}{section.3}% 7
\BOOKMARK [2][-]{subsection.3.5}{\376\377\000b\000r\000i\000e\000f}{section.3}% 8
\BOOKMARK [2][-]{subsection.3.6}{\376\377\000n\000o\000n\000-\000a\000l\000p\000h\000a}{section.3}% 9
\BOOKMARK [2][-]{subsection.3.7}{\376\377\000n\000u\000m\000\040\000o\000f\000\040\000w\000o\000r\000d\000s\000\040\000p\000e\000r\000\040\000l\000i\000n\000e}{section.3}% 10
\BOOKMARK [1][-]{section.4}{\376\377\000I\000d\000n\000e\000s}{}% 11
\BOOKMARK [2][-]{subsection.4.1}{\376\377\000h\000e\000a\000d\000l\000i\000n\000e}{section.4}% 12
\BOOKMARK [2][-]{subsection.4.2}{\376\377\000a\000r\000t\000i\000c\000l\000e\000\040\000l\000e\000n\000g\000t\000h}{section.4}% 13
\BOOKMARK [2][-]{subsection.4.3}{\376\377\000a\000v\000g\000\040\000w\000o\000r\000d\000\040\000l\000e\000n\000g\000t\000h}{section.4}% 14
\BOOKMARK [2][-]{subsection.4.4}{\376\377\000w\000o\000r\000d\000\040\000n\000u\000m}{section.4}% 15
\BOOKMARK [2][-]{subsection.4.5}{\376\377\000b\000r\000i\000e\000f}{section.4}% 16
\BOOKMARK [2][-]{subsection.4.6}{\376\377\000n\000o\000n\000-\000a\000l\000p\000h\000a}{section.4}% 17
\BOOKMARK [2][-]{subsection.4.7}{\376\377\000n\000u\000m\000\040\000o\000f\000\040\000w\000o\000r\000d\000s\000\040\000p\000e\000r\000\040\000l\000i\000n\000e}{section.4}% 18
\BOOKMARK [2][-]{subsection.4.8}{\376\377\000K\000e\000y\000\040\000f\000i\000n\000d\000i\000n\000g\000s}{section.4}% 19
\BOOKMARK [1][-]{section.5}{\376\377\000n\000o\000v\000i\000n\000k\000y}{}% 20
\BOOKMARK [2][-]{subsection.5.1}{\376\377\000h\000e\000a\000d\000l\000i\000n\000e}{section.5}% 21
\BOOKMARK [2][-]{subsection.5.2}{\376\377\000a\000r\000t\000i\000c\000l\000e\000\040\000l\000e\000n\000g\000t\000h}{section.5}% 22
\BOOKMARK [2][-]{subsection.5.3}{\376\377\000a\000v\000g\000\040\000w\000o\000r\000d\000\040\000l\000e\000n\000g\000t\000h}{section.5}% 23
\BOOKMARK [2][-]{subsection.5.4}{\376\377\000w\000o\000r\000d\000\040\000n\000u\000m\000\040\000r\000a\000t\000i\000o}{section.5}% 24
\BOOKMARK [2][-]{subsection.5.5}{\376\377\000b\000r\000i\000e\000f}{section.5}% 25
\BOOKMARK [2][-]{subsection.5.6}{\376\377\000n\000o\000n\000-\000a\000l\000p\000h\000a}{section.5}% 26
\BOOKMARK [2][-]{subsection.5.7}{\376\377\000n\000u\000m\000\040\000o\000f\000\040\000w\000o\000r\000d\000s\000\040\000p\000e\000r\000\040\000l\000i\000n\000e}{section.5}% 27
\BOOKMARK [2][-]{subsection.5.8}{\376\377\000K\000e\000y\000\040\000f\000i\000n\000d\000i\000n\000g\000s}{section.5}% 28
\BOOKMARK [1][-]{section.6}{\376\377\000S\000e\000z\000n\000a\000m\000Z\000p\000r\000a\000v\000y}{}% 29
\BOOKMARK [2][-]{subsection.6.1}{\376\377\000h\000e\000a\000d\000l\000i\000n\000e}{section.6}% 30
\BOOKMARK [2][-]{subsection.6.2}{\376\377\000w\000o\000r\000d\000\040\000l\000e\000n\000g\000t\000h}{section.6}% 31
\BOOKMARK [2][-]{subsection.6.3}{\376\377\000a\000r\000t\000i\000c\000l\000e\000\040\000l\000e\000n\000g\000t\000h}{section.6}% 32
\BOOKMARK [2][-]{subsection.6.4}{\376\377\000b\000r\000i\000e\000f\000\040\000l\000e\000n\000g\000t\000h}{section.6}% 33
\BOOKMARK [2][-]{subsection.6.5}{\376\377\000n\000o\000n\000-\000a\000l\000p\000h\000a}{section.6}% 34
\BOOKMARK [2][-]{subsection.6.6}{\376\377\000n\000u\000m\000\040\000o\000f\000\040\000w\000o\000r\000d\000s\000\040\000p\000e\000r\000\040\000l\000i\000n\000e}{section.6}% 35
\BOOKMARK [2][-]{subsection.6.7}{\376\377\000K\000e\000y\000\040\000f\000i\000n\000d\000i\000n\000g\000s}{section.6}% 36
\BOOKMARK [1][-]{section.7}{\376\377\000a\000k\000t\000u\000a\000l\000n\000e}{}% 37
\BOOKMARK [2][-]{subsection.7.1}{\376\377\000h\000e\000a\000d\000l\000i\000n\000e}{section.7}% 38
\BOOKMARK [2][-]{subsection.7.2}{\376\377\000a\000r\000t\000i\000c\000l\000e\000\040\000l\000e\000n\000g\000t\000h}{section.7}% 39
\BOOKMARK [2][-]{subsection.7.3}{\376\377\000a\000v\000g\000\040\000w\000o\000r\000d\000\040\000l\000e\000n\000g\000t\000h}{section.7}% 40
\BOOKMARK [2][-]{subsection.7.4}{\376\377\000w\000o\000r\000d\000\040\000n\000u\000m\000\040\000r\000a\000t\000i\000o}{section.7}% 41
\BOOKMARK [2][-]{subsection.7.5}{\376\377\000b\000r\000i\000e\000f}{section.7}% 42
\BOOKMARK [2][-]{subsection.7.6}{\376\377\000n\000o\000n\000-\000a\000l\000p\000h\000a}{section.7}% 43
\BOOKMARK [2][-]{subsection.7.7}{\376\377\000n\000u\000m\000\040\000o\000f\000\040\000w\000o\000r\000d\000s\000\040\000p\000e\000r\000\040\000l\000i\000n\000e}{section.7}% 44
\BOOKMARK [2][-]{subsection.7.8}{\376\377\000K\000e\000y\000\040\000f\000i\000n\000d\000i\000n\000g\000s}{section.7}% 45
\BOOKMARK [2][-]{subsection.7.9}{\376\377\000h\000e\000a\000d\000l\000i\000n\000e}{section.7}% 46
\BOOKMARK [2][-]{subsection.7.10}{\376\377\000a\000r\000t\000i\000c\000l\000e\000\040\000l\000e\000n\000g\000t\000h}{section.7}% 47
\BOOKMARK [2][-]{subsection.7.11}{\376\377\000a\000v\000g\000\040\000w\000o\000r\000d\000\040\000l\000e\000n\000g\000t\000h}{section.7}% 48
\BOOKMARK [2][-]{subsection.7.12}{\376\377\000w\000o\000r\000d\000\040\000n\000u\000m\000\040\000r\000a\000t\000i\000o}{section.7}% 49
\BOOKMARK [2][-]{subsection.7.13}{\376\377\000b\000r\000i\000e\000f}{section.7}% 50
\BOOKMARK [2][-]{subsection.7.14}{\376\377\000n\000u\000m\000\040\000o\000f\000\040\000w\000o\000r\000d\000s\000\040\000p\000e\000r\000\040\000l\000i\000n\000e}{section.7}% 51
\BOOKMARK [2][-]{subsection.7.15}{\376\377\000K\000e\000y\000\040\000f\000i\000n\000d\000i\000n\000g\000s}{section.7}% 52
